20,333,25,1.00,1.00,243232,131
1373.6000,1705.2000,2038.7000,
1707.6000,2037.2000,2373.5000,
1706.3000,2039.6000,
1706.6000,3039.2000,
2706.1000,
2039.9000,2372.3000,
1372.6000,
1040.5000,1371.5000,2038.3000,2371.8000,3039.0000,
706.1000,2038.6000,2706.0000,
2039.5000,2705.7000,
1374.0000,1706.1000,2039.6000,
1704.9000,2039.8000,2373.5000,2706.2000,
1039.0000,1705.6000,2373.3000,
1039.5000,1372.7000,1705.6000,2038.6000,2706.3000,
1373.3000,2039.3000,2373.2000,
2038.8000,
705.6000,1373.0000,2371.9000,
1372.7000,
1704.9000,2039.5000,2371.8000,
1705.6000,2040.5000,2371.7000,
