20,333,25,1.00,1.00,243232,131
1037.9000,1371.6000,1705.9000,2039.1000,
1372.0000,1706.3000,2038.7000,2372.3000,2705.5000,
1038.9000,2038.6000,2707.1000,
1038.1000,1372.7000,1705.8000,2040.2000,2371.1000,
1039.1000,1373.2000,1706.6000,2038.8000,2371.3000,
1038.2000,2038.1000,3040.4000,
1705.9000,2038.7000,2371.8000,3038.2000,
706.3000,1041.2000,1372.2000,1705.9000,2040.1000,2704.8000,
1037.5000,1373.5000,1705.3000,2039.8000,2371.7000,
1039.6000,1373.5000,1704.9000,2038.0000,2372.0000,2705.9000,
1040.5000,1374.2000,2039.1000,2705.1000,
374.0000,1706.5000,2038.5000,2371.8000,2705.6000,
1372.9000,1705.1000,2038.0000,3038.8000,
706.8000,1373.2000,1706.2000,2038.4000,2705.3000,
1372.2000,1706.4000,2038.6000,2705.1000,
704.6000,1038.2000,1373.8000,1704.6000,2371.4000,2705.9000,3038.2000,3372.5000,
705.3000,1040.3000,1373.3000,1705.6000,2039.4000,3373.0000,
1039.0000,2037.9000,2372.5000,
1039.6000,1705.1000,2039.0000,2372.0000,3373.4000,
373.7000,1373.2000,1705.3000,2039.8000,2371.9000,3039.4000,
