20,333,50,0.00,0.50,243232,131
 40.3000,705.0000,1705.6000,13360.1000,15692.1000,
1038.7000,1371.1000,2037.6000,2704.1000,11361.2000,12026.8000,
 37.9000,374.4000,704.9000,1371.3000,2371.7000,12694.4000,13026.5000,14024.0000,16022.1000,
705.1000,2702.3000,14025.3000,14360.0000,15688.5000,
703.7000,1372.2000,2039.5000,2371.4000,12361.1000,13691.1000,16025.1000,
706.7000,3372.0000,
372.9000,1373.0000,1704.1000,15358.0000,
1038.0000,2038.1000,14026.1000,15026.9000,
3037.7000,
 38.8000,372.8000,1370.9000,2372.1000,3703.7000,13028.9000,
 41.1000,706.9000,1038.3000,1371.7000,13359.8000,
1372.8000,1704.1000,2038.0000,3038.2000,12025.7000,13692.1000,15023.9000,15689.6000,
 41.1000,373.4000,705.5000,1705.1000,15356.9000,
 40.4000,704.9000,2038.4000,2704.9000,13691.4000,14359.1000,
1372.7000,11693.4000,14693.3000,
 37.8000,373.2000,1038.9000,3371.5000,13692.7000,14026.2000,14691.2000,15359.1000,
371.5000,1704.7000,12027.2000,14357.0000,
372.9000,706.8000,15356.8000,
3369.6000,15026.2000,
 37.8000,706.3000,2371.6000,3369.7000,15689.8000,
