20,333,50,0.00,0.50,243232,131
1039.8000,1705.3000,2372.1000,13360.1000,15692.1000,
1372.7000,2038.7000,2703.9000,11361.2000,12026.8000,
 39.5000,371.1000,704.8000,1371.0000,2038.0000,3371.3000,12694.3000,13026.5000,14024.0000,16022.1000,
 39.3000,706.0000,1704.6000,2702.7000,14025.3000,14360.0000,15688.5000,
 38.5000,705.3000,2372.4000,12361.1000,13691.1000,16025.1000,
371.2000,1371.6000,1704.8000,
 39.8000,1371.4000,1705.9000,2371.9000,15358.0000,
 40.2000,371.9000,1038.8000,1372.0000,1703.7000,2037.6000,14026.1000,15026.9000,
10361.7000,
 38.5000,2371.3000,
 39.1000,704.7000,1037.3000,1703.9000,13359.8000,
 39.0000,372.3000,1038.8000,1372.0000,1706.8000,3037.9000,12025.7000,13692.1000,15023.9000,15689.6000,
 38.0000,2038.2000,15356.9000,
371.4000,706.8000,2037.9000,13691.4000,14359.1000,
371.3000,705.8000,1705.1000,2038.8000,11693.4000,14693.3000,
 38.2000,373.9000,1037.9000,1706.5000,2372.4000,13692.7000,14026.2000,14691.2000,15359.1000,
 39.8000,371.7000,1371.3000,1704.4000,12027.2000,14357.0000,
2372.1000,15356.8000,
371.8000,1705.4000,15026.2000,
2370.4000,3369.6000,13381.2000,15689.8000,
