20,333,50,0.00,0.50,243232,131
 40.6000,707.3000,1372.9000,13360.1000,15692.1000,
 39.5000,371.2000,1373.4000,2037.8000,2704.1000,12026.8000,
 39.8000,704.8000,1372.5000,12694.4000,13026.5000,14024.0000,16022.1000,
 38.6000,705.4000,1038.5000,1371.6000,1706.1000,2704.2000,14025.3000,14360.0000,15688.5000,
 37.8000,705.5000,1038.2000,1370.4000,1707.3000,2038.9000,3037.5000,12361.6000,13691.1000,16025.1000,
706.3000,1703.8000,2036.9000,3037.9000,
374.2000,705.2000,1038.9000,1703.9000,15358.0000,
373.2000,1039.5000,1703.3000,2038.7000,2704.4000,14026.1000,15026.9000,
 38.5000,1372.5000,11694.9000,
 38.3000,372.2000,1373.3000,1704.6000,2039.1000,2706.1000,
371.3000,705.0000,1037.4000,1371.6000,2038.6000,13359.8000,
 39.2000,1371.4000,1704.4000,2038.9000,2372.4000,12025.7000,13692.1000,15023.9000,15689.6000,
 38.4000,371.5000,1039.3000,1704.0000,15356.9000,
 37.5000,1038.1000,2371.1000,13691.4000,14359.1000,
372.5000,704.9000,1704.7000,11693.4000,14693.3000,
 37.3000,371.4000,706.0000,1037.1000,1371.3000,2371.9000,13692.7000,14026.2000,14691.2000,15359.1000,
 38.8000,2371.7000,12027.2000,14357.0000,
 40.2000,706.7000,1039.0000,1705.1000,2370.8000,15356.8000,
370.2000,704.7000,1706.6000,2372.0000,15026.2000,
 40.3000,1371.9000,1705.0000,15689.8000,
