20,333,50,0.00,0.50,243232,131
4033.9000,12030.0000,13360.1000,15692.1000,
2038.6000,2704.3000,5034.3000,8031.7000,11360.8000,12026.8000,
 38.2000,373.4000,1371.5000,3369.8000,12694.3000,13026.5000,14024.0000,16022.1000,
2700.5000,14025.3000,14360.0000,15688.5000,
 39.3000,9032.5000,10361.8000,12361.0000,13691.1000,16025.1000,
1704.7000,2038.9000,5036.7000,11361.5000,
1703.6000,4036.5000,5034.6000,11028.8000,15358.0000,
1040.7000,1705.0000,2038.4000,14026.1000,15026.9000,
4701.7000,5702.9000,10360.7000,10695.3000,11694.5000,
2372.7000,3701.3000,10028.9000,13028.2000,
706.2000,1038.2000,4033.9000,6033.6000,10029.7000,13359.8000,
1704.3000,6032.6000,10029.0000,12025.7000,13692.1000,15023.9000,15689.6000,
6032.3000,6367.4000,11694.5000,15356.9000,
5367.0000,9031.8000,13691.4000,14359.1000,
1039.4000,1706.3000,10696.3000,11693.4000,14693.3000,
 39.1000,1037.7000,9364.0000,13692.7000,14026.2000,14691.2000,15359.1000,
6700.0000,8698.0000,12027.1000,14357.0000,
1039.8000,15356.8000,
374.6000,3369.5000,15026.2000,
2370.4000,3367.8000,15689.8000,
