20,333,50,0.00,0.50,243232,131
 37.8000,13360.1000,15692.1000,
 39.3000,372.5000,1373.2000,2037.6000,2370.9000,2704.8000,11361.1000,12026.8000,
 38.5000,373.6000,1372.6000,2039.5000,12694.3000,13026.5000,14024.0000,16022.1000,
 38.2000,706.8000,2702.9000,14025.3000,14360.0000,15688.5000,
1372.0000,3038.1000,12361.3000,13691.1000,16025.1000,
704.5000,1038.4000,1704.2000,2037.7000,3038.3000,
373.6000,705.6000,1371.2000,1705.1000,2038.2000,2372.1000,15358.0000,
370.8000,1037.7000,1371.0000,1704.8000,14026.1000,15026.9000,
 38.8000,2039.1000,
 39.2000,371.6000,1705.6000,2037.7000,2372.1000,13028.5000,
 39.0000,374.9000,705.4000,1705.0000,2371.2000,13359.8000,
1704.0000,2038.0000,12025.7000,13692.1000,15023.9000,15689.6000,
 39.5000,370.7000,704.4000,1037.9000,1704.0000,2038.5000,2371.4000,15356.9000,
372.9000,704.5000,2038.2000,2370.8000,13691.4000,14359.1000,
1040.4000,1704.3000,11693.4000,14693.3000,
 38.6000,371.1000,704.4000,1037.3000,2037.9000,3038.6000,13692.7000,14026.2000,14691.2000,15359.1000,
 40.0000,2705.3000,12027.2000,14357.0000,
 38.0000,1038.0000,1705.6000,15356.8000,
371.9000,1039.5000,1704.6000,15026.2000,
 38.7000,705.3000,3369.9000,15689.8000,
