20,333,25,1.00,1.00,243232,131
707.0000,1038.2000,1371.1000,1704.5000,2037.9000,2371.1000,2704.7000,3037.4000,3371.4000,
705.5000,1037.1000,1371.4000,1704.7000,2036.5000,2370.7000,2704.3000,3037.6000,3371.8000,
705.5000,1039.4000,1370.5000,1703.9000,2037.9000,2371.1000,2704.4000,3038.3000,
371.5000,704.7000,1038.8000,1371.0000,1705.3000,2037.7000,2370.9000,2704.5000,3039.6000,3372.8000,3704.8000,
704.9000,1039.5000,1370.9000,1704.3000,2037.4000,2370.6000,2704.5000,3371.1000,
707.1000,1037.8000,1372.4000,1703.5000,2037.6000,2371.8000,2704.8000,3037.6000,3370.6000,3704.8000,
373.0000,1038.1000,1370.9000,1705.3000,2037.6000,2370.8000,2704.7000,3037.5000,3704.5000,
 39.1000,704.6000,1037.8000,1370.6000,1704.4000,2037.2000,2370.9000,2704.7000,3370.9000,
705.7000,1037.1000,1371.3000,1704.3000,2038.1000,2371.4000,2704.4000,3038.2000,3371.6000,
705.7000,1038.7000,1370.9000,1705.0000,2038.0000,2370.9000,2703.8000,3371.8000,3705.1000,
371.6000,1039.5000,1371.8000,1705.1000,2037.3000,2371.1000,2705.1000,3038.5000,
705.3000,1038.0000,1370.9000,1704.6000,2037.8000,2371.0000,2704.4000,3038.4000,
1037.9000,1371.7000,1704.8000,2037.9000,2370.5000,2704.6000,3705.9000,
374.6000,707.3000,1038.2000,1371.4000,1704.3000,2038.3000,2371.3000,2703.9000,3037.7000,3371.6000,
373.9000,705.3000,1037.4000,1370.6000,1704.4000,2036.9000,2370.6000,2703.9000,3037.6000,
704.3000,1039.7000,1371.3000,1704.5000,2038.1000,2370.1000,2704.4000,3037.7000,4038.0000,
373.6000,705.9000,1038.0000,1371.6000,1703.9000,2037.5000,2371.5000,2704.6000,3037.2000,
1037.8000,1370.9000,1704.0000,2037.3000,2370.8000,2705.0000,3038.4000,
372.8000,705.1000,1037.9000,1371.7000,1704.5000,2037.9000,2370.9000,2704.3000,3038.3000,3370.9000,
373.5000,704.6000,1038.8000,1371.6000,1703.8000,2037.3000,2371.1000,2705.7000,3037.5000,3370.5000,3705.4000,
