20,333,25,1.00,1.00,243232,131
371.5000,705.8000,1038.2000,1371.3000,1705.2000,2037.7000,2371.7000,2704.5000,3039.3000,3371.8000,
705.4000,1037.6000,1371.7000,1704.4000,2037.2000,2371.8000,2705.2000,3038.4000,
1372.6000,1704.7000,2039.0000,2370.4000,2704.6000,3037.3000,
704.8000,1371.2000,1704.1000,2038.5000,2705.4000,3037.7000,
707.6000,1038.2000,1372.3000,1704.7000,2038.3000,2370.9000,2705.0000,3037.6000,
706.4000,1371.6000,1704.4000,2037.5000,2371.3000,2705.3000,3037.9000,3372.4000,
370.9000,704.2000,1038.6000,1372.0000,1704.3000,2037.9000,2372.0000,2704.5000,3037.3000,3371.1000,
707.0000,1038.9000,1371.5000,1704.5000,2038.4000,2371.7000,2705.5000,3037.9000,3370.8000,
705.1000,1038.7000,1372.1000,1704.1000,2038.3000,2371.8000,2705.3000,3038.6000,3371.7000,
704.9000,1039.2000,1372.5000,1704.5000,2037.7000,2371.4000,3037.7000,3372.9000,
1038.7000,1371.0000,1704.6000,2038.0000,2371.4000,2704.8000,3037.9000,3372.2000,
706.2000,1039.3000,1372.8000,1704.8000,2038.1000,2372.6000,2705.1000,3037.0000,
374.6000,705.5000,1039.8000,1371.2000,1704.7000,2038.4000,2371.8000,2704.6000,3038.2000,
705.1000,1038.7000,1372.5000,1704.5000,2037.8000,2372.5000,2705.2000,
704.9000,1038.3000,1370.7000,1706.0000,2038.0000,2372.3000,2705.7000,3038.8000,3371.6000,
705.2000,1037.8000,1371.0000,1705.1000,2038.3000,2371.7000,2705.6000,3037.8000,3371.7000,
1038.1000,1705.2000,2037.3000,2370.9000,2705.7000,3038.0000,3371.0000,
708.2000,1037.6000,1371.1000,1705.3000,2038.2000,2371.4000,2705.6000,3039.0000,3371.8000,
704.9000,1038.7000,1371.8000,1705.2000,2038.4000,2371.3000,2705.5000,3038.0000,3705.0000,
704.6000,1039.1000,1370.5000,1705.7000,2037.2000,2371.3000,2704.6000,3038.5000,
