20,333,25,1.00,1.00,243232,131
704.2000,1370.0000,1703.8000,2037.4000,2370.8000,2704.4000,3037.4000,3371.0000,3704.1000,
372.2000,704.5000,1037.7000,1371.6000,1704.1000,2038.0000,2370.8000,2704.1000,3037.4000,3371.3000,
 40.9000,371.6000,704.4000,1038.4000,1370.7000,1704.1000,2037.6000,2370.4000,2703.7000,3037.0000,3371.5000,4038.8000,
372.9000,1037.2000,1370.7000,1704.1000,2037.1000,2370.7000,2704.3000,3037.3000,3370.6000,3704.7000,
373.0000,706.2000,1038.4000,1370.5000,1704.2000,2037.7000,2370.2000,2704.3000,3036.9000,3370.9000,3706.0000,
371.7000,706.2000,1037.4000,1370.9000,1703.8000,2037.1000,2370.2000,2704.2000,3037.0000,3370.6000,3704.4000,
 37.5000,705.3000,1038.2000,1371.1000,1703.4000,2036.7000,2370.3000,2704.3000,3037.6000,3705.9000,
371.5000,706.0000,1037.4000,1370.3000,1703.6000,2037.7000,2370.5000,2704.5000,3036.7000,3371.1000,4038.4000,
703.4000,1037.1000,1370.8000,1703.8000,2037.5000,2370.2000,2704.5000,3037.9000,3370.6000,3703.6000,
704.3000,1037.8000,1371.1000,1703.9000,2037.7000,2370.9000,2704.0000,3037.5000,3370.8000,3704.0000,4037.7000,
372.4000,704.5000,1038.0000,1370.4000,1703.5000,2036.9000,2370.5000,2703.7000,3037.1000,3370.5000,
705.3000,1037.4000,1371.3000,1704.3000,2037.4000,2370.5000,2704.4000,3037.3000,3371.3000,3704.1000,
705.5000,1037.6000,1371.0000,1703.9000,2037.1000,2370.6000,2703.6000,3037.7000,3370.3000,3703.6000,4037.4000,
371.8000,704.1000,1037.5000,1370.7000,1703.6000,2037.5000,2370.8000,2703.7000,3037.8000,3370.5000,
371.5000,705.5000,1039.2000,1370.7000,1704.1000,2036.8000,2370.5000,2704.5000,3037.7000,3370.7000,
 39.9000,370.6000,705.8000,1037.2000,1371.2000,1704.0000,2037.4000,2370.3000,2703.9000,3037.7000,3370.6000,3703.9000,4037.1000,
704.2000,1037.4000,1369.9000,1704.5000,2038.2000,2371.1000,2703.4000,3037.9000,3370.3000,3705.2000,4037.9000,
704.3000,1038.0000,1371.0000,1704.1000,2037.2000,2370.8000,2704.0000,3037.5000,3370.8000,3705.8000,
371.8000,704.4000,1036.9000,1371.3000,1703.5000,2037.0000,2370.8000,2704.0000,3036.9000,3371.1000,4038.1000,
704.9000,1037.7000,1370.3000,1704.2000,2037.3000,2371.3000,2704.1000,3037.8000,3371.2000,3704.0000,
