20,333,25,1.00,1.00,243232,131
704.8000,1038.9000,1371.6000,1704.0000,2039.0000,2372.8000,2705.2000,3038.7000,
705.3000,1038.8000,1371.6000,2038.5000,2371.1000,2705.0000,3038.9000,
372.3000,1040.0000,1373.0000,1705.0000,2372.6000,2705.1000,3038.8000,
705.8000,1371.5000,1705.2000,2038.3000,2372.5000,2705.5000,
1040.3000,1371.7000,1704.2000,2038.1000,2372.7000,2705.4000,3039.4000,
706.3000,1371.5000,2039.0000,2372.5000,2705.1000,3038.0000,
706.4000,1038.0000,1371.3000,1704.5000,2038.3000,2373.0000,
706.8000,1038.7000,1371.6000,1704.6000,2038.2000,2371.9000,
1038.7000,1371.0000,1705.4000,2038.6000,2371.8000,2705.2000,3038.9000,
1371.9000,1705.1000,2038.3000,2372.1000,2705.5000,
705.2000,1038.5000,1371.3000,1705.3000,2038.5000,2372.0000,2705.5000,
706.8000,1371.6000,1705.2000,2037.7000,2705.5000,3038.7000,3372.2000,3704.5000,
705.8000,1039.0000,1373.1000,1706.1000,2038.6000,2371.4000,2705.4000,3038.2000,
1040.3000,1372.2000,1705.6000,2039.1000,2372.0000,3371.3000,3704.7000,
706.6000,1371.6000,2039.4000,2371.9000,
373.0000,1038.6000,1370.9000,1704.7000,2038.9000,2372.1000,2704.8000,3371.5000,
1039.7000,1373.5000,1705.7000,2038.1000,2371.9000,2705.5000,3039.1000,3372.0000,3705.8000,
1038.8000,1372.3000,1704.1000,2038.3000,2371.7000,2705.2000,3038.7000,
706.0000,1037.7000,1372.4000,1705.5000,2371.7000,2705.0000,
708.8000,1039.6000,1372.8000,1704.8000,2038.1000,2372.3000,2705.0000,3038.4000,
