20,333,25,1.00,1.00,243232,131
705.1000,1037.4000,1370.8000,1703.8000,2036.4000,2370.8000,2705.3000,3037.7000,3704.3000,
705.1000,1038.6000,1370.8000,1704.6000,2036.9000,2370.7000,2704.5000,3038.2000,3370.9000,3703.8000,
372.7000,705.9000,1038.0000,1370.6000,1704.2000,2037.7000,2370.9000,2705.2000,3037.7000,3371.3000,3703.9000,
374.0000,1038.6000,1371.2000,1703.9000,2038.4000,2371.5000,2704.2000,3037.8000,3370.5000,3705.1000,
704.7000,1037.8000,1370.8000,1704.3000,2037.2000,2370.9000,2703.6000,3037.6000,3370.6000,3704.6000,
707.2000,1039.0000,1371.3000,1703.8000,2037.9000,2371.1000,2703.9000,3037.9000,3371.6000,
372.2000,705.8000,1039.3000,1370.7000,1704.5000,2038.3000,2370.5000,2704.5000,3037.2000,3370.1000,3704.3000,
373.0000,1038.1000,1370.5000,1703.9000,2037.7000,2371.3000,2704.7000,3037.1000,3371.1000,3705.0000,
705.1000,1037.5000,1370.2000,1704.2000,2038.1000,2371.1000,2703.9000,3037.2000,3372.6000,
370.9000,705.1000,1037.5000,1371.0000,1704.2000,2037.4000,2370.9000,2704.6000,3037.3000,3371.0000,3704.9000,4037.7000,
704.3000,1038.1000,1371.0000,1704.9000,2036.7000,2371.0000,2704.0000,3038.1000,3371.8000,
371.0000,706.6000,1037.2000,1370.3000,1704.0000,2037.4000,2370.5000,2704.9000,3037.1000,3370.8000,3704.6000,
1039.1000,1371.6000,1704.0000,2036.8000,2370.2000,2705.2000,3037.2000,3370.8000,
373.0000,704.7000,1039.6000,1370.7000,1703.8000,2037.3000,2370.7000,2704.9000,3037.5000,
704.5000,1040.1000,1370.8000,1704.6000,2037.8000,2370.9000,2703.9000,3038.1000,3371.2000,3704.4000,
705.0000,1041.1000,1370.8000,1703.4000,2037.7000,2370.4000,2704.2000,3037.8000,3371.1000,3704.5000,
373.5000,705.2000,1039.0000,1371.0000,1704.1000,2037.3000,2371.3000,2704.6000,3038.1000,3371.3000,3704.6000,
371.5000,706.0000,1038.6000,1371.3000,1704.3000,2036.8000,2371.0000,2703.9000,3038.0000,
373.0000,705.1000,1038.0000,1370.5000,1703.5000,2038.1000,2370.6000,2703.4000,3037.3000,3371.8000,
371.3000,705.2000,1037.6000,1370.6000,1704.6000,2037.5000,2370.5000,2704.8000,3371.0000,3704.4000,
