20,333,25,1.00,1.00,14234,52343
371.6750,704.4500,1037.2500,1370.5750,1703.4000,2036.9750,2370.8250,2703.5750,3037.1000,3370.5250,3704.3250,4037.2750,
370.8250,703.8750,1037.1250,1370.4750,1703.2750,2036.8250,2370.2000,2703.6750,3036.9750,3370.8250,3703.9500,4037.1250,
371.5000,704.2250,1037.0000,1370.3250,1703.5250,2036.8750,2370.1250,2703.3250,3036.8500,3370.3500,3704.0000,4037.6000,
373.5750,703.4000,1037.0500,1370.3000,1703.3750,2036.8000,2370.3500,2703.1250,3036.9000,3370.5500,3706.2250,4037.9000,
372.7500,704.0250,1037.1750,1370.2500,1703.1750,2036.7250,2370.1500,2703.4500,3037.1250,3370.2750,
703.7000,1037.3250,1370.0500,1703.5000,2036.9250,2370.5500,2703.2750,3036.8250,3370.9500,3703.9250,
372.4000,703.9000,1037.1250,1370.1500,1703.2250,2036.8250,2369.9250,2703.3500,3037.4250,3370.6000,3704.3500,
371.5250,704.2500,1037.1250,1370.3500,1703.7500,2036.6250,2370.0500,2703.3500,3037.1000,3371.0750,3704.0250,
371.2750,704.0750,1037.3750,1370.0000,1703.6000,2036.8000,2370.4000,2703.5250,3037.0750,3370.4750,3704.2750,
371.7500,704.0500,1036.9000,1370.3500,1703.5500,2036.5000,2369.9500,2703.6000,3037.4500,3370.6500,3704.1250,
371.4000,704.1250,1037.0500,1369.8750,1703.6000,2037.2000,2370.1750,2703.6000,3036.9250,3370.4250,3704.0500,
373.7750,703.6250,1037.4250,1370.0750,1703.3500,2036.3000,2370.0750,2703.6000,3036.4000,3370.4750,3704.1750,
371.4000,704.0000,1037.1500,1370.3000,1703.3250,2036.4750,2370.1250,2703.5250,3036.9500,3370.3500,3703.8750,
373.2000,703.7500,1037.3000,1370.0000,1703.6500,2036.7500,2370.3000,2703.7500,3037.4250,3370.2750,
370.9000,704.3000,1037.2000,1370.1750,1703.4750,2036.7500,2370.2000,2703.5500,3037.1250,3370.8250,3704.0750,
372.2000,703.7250,1037.1250,1370.2000,1703.7500,2036.8500,2369.9750,2703.4250,3037.1250,3371.0750,3705.0750,
372.6250,704.3000,1037.2500,1370.1250,1703.4250,2036.7500,2370.2750,2703.7750,3037.0000,3370.5500,3704.3500,4037.9000,
371.2000,703.5750,1037.0500,1370.1250,1703.3250,2036.8750,2370.6750,2703.7750,3037.2750,3370.9000,
371.5000,703.9500,1037.6250,1370.1500,1703.5750,2036.5000,2370.2500,2703.7250,3037.1000,3370.6750,3704.2750,4037.4500,
371.7000,704.8750,1036.8250,1370.2750,1703.3000,2036.7750,2370.6000,2703.4000,3037.0500,3370.4750,3703.8500,
