20,333,50,0.00,0.50,243232,131
1706.4000,13360.1000,15692.1000,
2703.3000,11360.9000,12026.8000,
 40.3000,374.3000,707.3000,12694.4000,13026.5000,14024.0000,16022.1000,
706.1000,2039.3000,2700.8000,14025.3000,14360.0000,15688.5000,
10363.8000,12361.0000,13691.1000,16025.1000,

705.1000,1372.9000,1704.3000,15358.0000,
1040.7000,1371.6000,1706.7000,2038.6000,2705.2000,14026.1000,15026.9000,
10360.9000,11694.8000,
374.1000,2370.5000,13028.2000,
1039.1000,1371.8000,1705.6000,4035.3000,6034.7000,13359.8000,
1705.6000,10029.7000,12025.7000,13692.1000,15023.9000,15689.6000,
 39.1000,373.9000,1706.6000,2704.9000,11694.7000,15356.9000,
13691.4000,14359.1000,
1039.9000,11693.4000,14693.3000,
 37.7000,13692.7000,14026.2000,14691.2000,15359.1000,
12027.1000,14357.0000,
1040.1000,2371.5000,15356.8000,
1704.6000,3369.1000,15026.2000,
706.2000,2371.2000,3369.3000,15689.8000,
