20,333,50,0.00,0.50,243232,131
 39.6000,1706.1000,13360.1000,15692.1000,
1372.9000,1704.8000,2038.3000,2371.3000,11360.9000,12026.8000,
371.4000,1371.2000,1705.8000,12694.4000,13026.5000,14024.0000,16022.1000,
1040.1000,1704.8000,2038.5000,2702.6000,14025.3000,14360.0000,15688.5000,
 39.8000,705.0000,1372.0000,12361.2000,13691.1000,16025.1000,
1706.2000,2037.2000,
705.2000,1039.5000,1371.6000,1705.2000,15358.0000,
1037.6000,1705.1000,2037.6000,14026.1000,15026.9000,
 39.0000,1040.4000,11694.9000,
 39.7000,371.7000,1705.2000,2038.9000,3703.5000,13028.3000,
 38.1000,372.9000,707.0000,1037.5000,1372.6000,2371.2000,13359.8000,
1706.9000,2037.3000,12025.7000,13692.1000,15023.9000,15689.6000,
372.7000,705.8000,1040.6000,2371.4000,15356.9000,
 40.9000,13691.4000,14359.1000,
372.6000,11693.4000,14693.3000,
 37.8000,1038.3000,13692.7000,14026.2000,14691.2000,15359.1000,
1371.8000,1706.8000,12027.2000,14357.0000,
 38.4000,1040.6000,1372.1000,1705.6000,3038.1000,15356.8000,
 40.4000,373.4000,1705.3000,2704.9000,15026.2000,
2370.7000,3368.4000,15689.8000,
