20,333,50,0.00,0.50,243232,131
 41.0000,1706.1000,13360.1000,15692.1000,
1705.1000,2371.8000,5033.9000,11361.1000,12026.8000,
 40.8000,706.1000,12694.3000,13026.5000,14024.0000,16022.1000,
1704.2000,2038.4000,2701.0000,14025.3000,14360.0000,15688.5000,
 39.2000,705.6000,1371.0000,3037.1000,12361.1000,13691.1000,16025.1000,
2037.5000,
372.4000,1039.0000,1371.9000,1705.4000,15358.0000,
1038.0000,1372.4000,1704.2000,14026.1000,15026.9000,
 40.7000,372.5000,10361.1000,11694.6000,
 40.6000,2038.5000,2371.6000,13028.4000,
 38.7000,705.6000,1037.2000,1704.5000,4036.7000,13359.8000,
1038.2000,1703.5000,12025.7000,13692.1000,15023.9000,15689.6000,
373.7000,1706.2000,2705.6000,11694.9000,15356.9000,
 39.2000,13691.4000,14359.1000,
707.1000,11693.4000,14693.3000,
 38.4000,13692.7000,14026.2000,14691.2000,15359.1000,
2372.8000,6699.5000,12027.2000,14357.0000,
15356.8000,
2371.6000,15026.2000,
2370.4000,3368.7000,15689.8000,
