20,333,50,0.00,0.50,243232,131
1706.8000,3703.5000,13360.1000,15692.1000,
2037.4000,2371.2000,2703.2000,5036.4000,11360.8000,12026.8000,
 40.7000,373.4000,3370.5000,12694.3000,13026.5000,14024.0000,16022.1000,
1706.1000,2700.9000,10696.7000,14025.3000,14360.0000,15688.5000,
 39.9000,1372.5000,3038.0000,12361.0000,13691.1000,16025.1000,
1705.5000,11361.5000,
1704.8000,15358.0000,
1038.8000,1705.2000,2036.9000,14026.1000,15026.9000,
10361.0000,11694.4000,
 38.7000,371.0000,709.0000,1372.9000,2038.6000,3702.0000,10030.1000,13028.3000,
707.5000,1037.3000,4035.7000,6033.7000,13359.8000,
1706.7000,2037.4000,12025.7000,13692.1000,15023.9000,15689.6000,
374.0000,707.5000,11695.1000,15356.9000,
2039.3000,13691.4000,14359.1000,
11693.4000,14693.3000,
 38.9000,1037.7000,13692.7000,14026.2000,14691.2000,15359.1000,
372.9000,12027.2000,14357.0000,
15356.8000,
371.8000,1372.1000,1704.7000,2372.4000,3370.7000,15026.2000,
3368.7000,15689.8000,
