20,333,50,0.00,0.50,243232,131
 40.1000,1371.3000,1705.9000,2705.3000,3704.5000,13360.1000,15692.1000,
 40.6000,372.1000,705.3000,1037.3000,1372.4000,2037.9000,2704.2000,3037.7000,11361.6000,12026.8000,
 38.0000,372.0000,704.5000,1037.0000,1371.4000,2373.1000,3037.2000,12694.4000,13026.5000,14024.0000,16022.1000,
 39.9000,374.8000,1705.7000,2037.9000,2372.7000,2702.7000,14025.3000,14360.0000,15688.5000,
373.5000,704.1000,1039.1000,1370.6000,2038.2000,12361.8000,13691.1000,16025.1000,
706.3000,1371.2000,1704.5000,3370.0000,
705.7000,1037.4000,1372.3000,1704.9000,2373.1000,2704.0000,15358.0000,
705.4000,1037.2000,1371.2000,1704.3000,2037.6000,2704.9000,14026.1000,15026.9000,
 38.0000,1037.3000,1372.3000,
 37.9000,372.6000,1038.3000,1704.4000,2039.4000,2371.5000,13028.5000,
 37.3000,370.0000,706.7000,1037.6000,1705.2000,2372.1000,13359.8000,
370.9000,1372.5000,1705.5000,3372.5000,12025.7000,13692.1000,15023.9000,15689.6000,
 41.1000,373.2000,706.7000,1373.0000,1704.8000,2037.9000,2704.3000,15356.9000,
1706.6000,13691.4000,14359.1000,
371.5000,1038.0000,1706.2000,2039.7000,2704.4000,3038.8000,11693.4000,14693.3000,
 37.4000,372.2000,704.5000,1371.3000,1706.3000,13692.7000,14026.2000,14691.2000,15359.1000,
 39.3000,1705.2000,2371.3000,12027.2000,14357.0000,
 39.8000,372.7000,705.7000,1038.7000,15356.8000,
 38.7000,372.1000,1370.7000,1704.8000,2703.9000,15026.2000,
 39.6000,371.7000,705.2000,1372.5000,2038.2000,2370.8000,3038.4000,3370.5000,15689.8000,
